# JRE version: Java(TM) SE Runtime Environment (8.0_60-b27) (build 1.8.0_60-b27)
# Java VM: Java HotSpot(TM) 64-Bit Server VM (25.60-b23 mixed mode windows-amd64 compressed oops)
Heap:
 PSYoungGen      total 124416K, used 64884K [0x00000000eab00000, 0x00000000f5300000, 0x0000000100000000)
  eden space 100352K, 45% used [0x00000000eab00000,0x00000000ed7907b8,0x00000000f0d00000)
  from space 24064K, 79% used [0x00000000f2680000,0x00000000f394ca80,0x00000000f3e00000)
  to   space 26112K, 0% used [0x00000000f0d00000,0x00000000f0d00000,0x00000000f2680000)
 ParOldGen       total 75776K, used 48327K [0x00000000c0000000, 0x00000000c4a00000, 0x00000000eab00000)
  object space 75776K, 63% used [0x00000000c0000000,0x00000000c2f31c70,0x00000000c4a00000)
 Metaspace       used 6689K, capacity 7320K, committed 7680K, reserved 1056768K
  class space    used 634K, capacity 656K, committed 768K, reserved 1048576K
GC Heap History (10 events):
Event: 51.255 GC heap before
{Heap before GC invocations=10 (full 1):
 PSYoungGen      total 76288K, used 10221K [0x00000000eab00000, 0x00000000f3080000, 0x0000000100000000)
  eden space 66048K, 0% used [0x00000000eab00000,0x00000000eab00000,0x00000000eeb80000)
  from space 10240K, 99% used [0x00000000eeb80000,0x00000000ef57b530,0x00000000ef580000)
  to   space 15360K, 0% used [0x00000000f2180000,0x00000000f2180000,0x00000000f3080000)
 ParOldGen       total 22528K, used 22404K [0x00000000c0000000, 0x00000000c1600000, 0x00000000eab00000)
  object space 22528K, 99% used [0x00000000c0000000,0x00000000c15e10b0,0x00000000c1600000)
 Metaspace       used 6410K, capacity 7158K, committed 7296K, reserved 1056768K
  class space    used 609K, capacity 622K, committed 640K, reserved 1048576K
Event: 56.807 GC heap after
Heap after GC invocations=10 (full 1):
 PSYoungGen      total 76288K, used 8157K [0x00000000eab00000, 0x00000000f3080000, 0x0000000100000000)
  eden space 66048K, 0% used [0x00000000eab00000,0x00000000eab00000,0x00000000eeb80000)
  from space 10240K, 79% used [0x00000000eeb80000,0x00000000ef377638,0x00000000ef580000)
  to   space 15360K, 0% used [0x00000000f2180000,0x00000000f2180000,0x00000000f3080000)
 ParOldGen       total 43520K, used 22509K [0x00000000c0000000, 0x00000000c2a80000, 0x00000000eab00000)
  object space 43520K, 51% used [0x00000000c0000000,0x00000000c15fb770,0x00000000c2a80000)
 Metaspace       used 6410K, capacity 7158K, committed 7296K, reserved 1056768K
  class space    used 609K, capacity 622K, committed 640K, reserved 1048576K
}
Event: 58.594 GC heap before
{Heap before GC invocations=11 (full 1):
 PSYoungGen      total 76288K, used 74205K [0x00000000eab00000, 0x00000000f3080000, 0x0000000100000000)
  eden space 66048K, 100% used [0x00000000eab00000,0x00000000eeb80000,0x00000000eeb80000)
  from space 10240K, 79% used [0x00000000eeb80000,0x00000000ef377638,0x00000000ef580000)
  to   space 15360K, 0% used [0x00000000f2180000,0x00000000f2180000,0x00000000f3080000)
 ParOldGen       total 43520K, used 22509K [0x00000000c0000000, 0x00000000c2a80000, 0x00000000eab00000)
  object space 43520K, 51% used [0x00000000c0000000,0x00000000c15fb770,0x00000000c2a80000)
 Metaspace       used 6474K, capacity 7222K, committed 7296K, reserved 1056768K
  class space    used 609K, capacity 622K, committed 640K, reserved 1048576K
Event: 59.094 GC heap after
Heap after GC invocations=11 (full 1):
 PSYoungGen      total 97792K, used 14388K [0x00000000eab00000, 0x00000000f3000000, 0x0000000100000000)
  eden space 82944K, 0% used [0x00000000eab00000,0x00000000eab00000,0x00000000efc00000)
  from space 14848K, 96% used [0x00000000f2180000,0x00000000f2f8d3f0,0x00000000f3000000)
  to   space 17920K, 0% used [0x00000000f0d00000,0x00000000f0d00000,0x00000000f1e80000)
 ParOldGen       total 43520K, used 27325K [0x00000000c0000000, 0x00000000c2a80000, 0x00000000eab00000)
  object space 43520K, 62% used [0x00000000c0000000,0x00000000c1aaf770,0x00000000c2a80000)
 Metaspace       used 6474K, capacity 7222K, committed 7296K, reserved 1056768K
  class space    used 609K, capacity 622K, committed 640K, reserved 1048576K
}
Event: 66.000 GC heap before
{Heap before GC invocations=12 (full 1):
 PSYoungGen      total 97792K, used 97332K [0x00000000eab00000, 0x00000000f3000000, 0x0000000100000000)
  eden space 82944K, 100% used [0x00000000eab00000,0x00000000efc00000,0x00000000efc00000)
  from space 14848K, 96% used [0x00000000f2180000,0x00000000f2f8d3f0,0x00000000f3000000)
  to   space 17920K, 0% used [0x00000000f0d00000,0x00000000f0d00000,0x00000000f1e80000)
 ParOldGen       total 43520K, used 27325K [0x00000000c0000000, 0x00000000c2a80000, 0x00000000eab00000)
  object space 43520K, 62% used [0x00000000c0000000,0x00000000c1aaf770,0x00000000c2a80000)
 Metaspace       used 6583K, capacity 7256K, committed 7424K, reserved 1056768K
  class space    used 629K, capacity 656K, committed 768K, reserved 1048576K
Event: 66.264 GC heap after
Heap after GC invocations=12 (full 1):
 PSYoungGen      total 118272K, used 17894K [0x00000000eab00000, 0x00000000f3e00000, 0x0000000100000000)
  eden space 100352K, 0% used [0x00000000eab00000,0x00000000eab00000,0x00000000f0d00000)
  from space 17920K, 99% used [0x00000000f0d00000,0x00000000f1e798c0,0x00000000f1e80000)
  to   space 24064K, 0% used [0x00000000f2680000,0x00000000f2680000,0x00000000f3e00000)
 ParOldGen       total 43520K, used 35761K [0x00000000c0000000, 0x00000000c2a80000, 0x00000000eab00000)
  object space 43520K, 82% used [0x00000000c0000000,0x00000000c22ec440,0x00000000c2a80000)
 Metaspace       used 6583K, capacity 7256K, committed 7424K, reserved 1056768K
  class space    used 629K, capacity 656K, committed 768K, reserved 1048576K
}
Event: 66.265 GC heap before
{Heap before GC invocations=13 (full 2):
 PSYoungGen      total 118272K, used 17894K [0x00000000eab00000, 0x00000000f3e00000, 0x0000000100000000)
  eden space 100352K, 0% used [0x00000000eab00000,0x00000000eab00000,0x00000000f0d00000)
  from space 17920K, 99% used [0x00000000f0d00000,0x00000000f1e798c0,0x00000000f1e80000)
  to   space 24064K, 0% used [0x00000000f2680000,0x00000000f2680000,0x00000000f3e00000)
 ParOldGen       total 43520K, used 35761K [0x00000000c0000000, 0x00000000c2a80000, 0x00000000eab00000)
  object space 43520K, 82% used [0x00000000c0000000,0x00000000c22ec440,0x00000000c2a80000)
 Metaspace       used 6583K, capacity 7256K, committed 7424K, reserved 1056768K
  class space    used 629K, capacity 656K, committed 768K, reserved 1048576K
Event: 68.280 GC heap after
Heap after GC invocations=13 (full 2):
 PSYoungGen      total 118272K, used 8661K [0x00000000eab00000, 0x00000000f3e00000, 0x0000000100000000)
  eden space 100352K, 0% used [0x00000000eab00000,0x00000000eab00000,0x00000000f0d00000)
  from space 17920K, 48% used [0x00000000f0d00000,0x00000000f1575770,0x00000000f1e80000)
  to   space 24064K, 0% used [0x00000000f2680000,0x00000000f2680000,0x00000000f3e00000)
 ParOldGen       total 75776K, used 43255K [0x00000000c0000000, 0x00000000c4a00000, 0x00000000eab00000)
  object space 75776K, 57% used [0x00000000c0000000,0x00000000c2a3dc70,0x00000000c4a00000)
 Metaspace       used 6583K, capacity 7256K, committed 7424K, reserved 1056768K
  class space    used 629K, capacity 656K, committed 768K, reserved 1048576K
}
Event: 71.237 GC heap before
{Heap before GC invocations=14 (full 2):
 PSYoungGen      total 118272K, used 109013K [0x00000000eab00000, 0x00000000f3e00000, 0x0000000100000000)
  eden space 100352K, 100% used [0x00000000eab00000,0x00000000f0d00000,0x00000000f0d00000)
  from space 17920K, 48% used [0x00000000f0d00000,0x00000000f1575770,0x00000000f1e80000)
  to   space 24064K, 0% used [0x00000000f2680000,0x00000000f2680000,0x00000000f3e00000)
 ParOldGen       total 75776K, used 43255K [0x00000000c0000000, 0x00000000c4a00000, 0x00000000eab00000)
  object space 75776K, 57% used [0x00000000c0000000,0x00000000c2a3dc70,0x00000000c4a00000)
 Metaspace       used 6594K, capacity 7256K, committed 7424K, reserved 1056768K
  class space    used 629K, capacity 656K, committed 768K, reserved 1048576K
Event: 71.582 GC heap after
Heap after GC invocations=14 (full 2):
 PSYoungGen      total 124416K, used 19250K [0x00000000eab00000, 0x00000000f5300000, 0x0000000100000000)
  eden space 100352K, 0% used [0x00000000eab00000,0x00000000eab00000,0x00000000f0d00000)
  from space 24064K, 79% used [0x00000000f2680000,0x00000000f394ca80,0x00000000f3e00000)
  to   space 26112K, 0% used [0x00000000f0d00000,0x00000000f0d00000,0x00000000f2680000)
 ParOldGen       total 75776K, used 48327K [0x00000000c0000000, 0x00000000c4a00000, 0x00000000eab00000)
  object space 75776K, 63% used [0x00000000c0000000,0x00000000c2f31c70,0x00000000c4a00000)
 Metaspace       used 6594K, capacity 7256K, committed 7424K, reserved 1056768K
  class space    used 629K, capacity 656K, committed 768K, reserved 1048576K
}

